#
# A fatal error has been detected by the Java Runtime Environment:
#
#  SIGSEGV (0xb) at pc=0x00007f316b8f0227, pid=6026, tid=6047
#
# JRE version: OpenJDK Runtime Environment Temurin-21.0.9+10 (21.0.9+10) (build 21.0.9+10-LTS)
# Java VM: OpenJDK 64-Bit Server VM Temurin-21.0.9+10 (21.0.9+10-LTS, mixed mode, sharing, tiered, compressed oops, compressed class ptrs, parallel gc, linux-amd64)
# Problematic frame:
# V  [libjvm.so+0x2f0227]  Matcher::is_generic_vector(MachOper*)+0x7
#
# Core dump will be written. Default location: Core dumps may be processed with "/usr/lib/systemd/systemd-coredump %P %u %g %s %t %c %h %d %F" (or dumping to /home/ivanovviktor/IdeaProjects/uptime/core.6026)
#
# If you would like to submit a bug report, please visit:
#   https://github.com/adoptium/adoptium-support/issues
#

---------------  S U M M A R Y ------------

Command Line: --add-modules=ALL-SYSTEM --add-opens=java.base/java.util=ALL-UNNAMED --add-opens=java.base/java.lang=ALL-UNNAMED --add-opens=java.base/sun.nio.fs=ALL-UNNAMED -Declipse.application=org.eclipse.jdt.ls.core.id1 -Dosgi.bundles.defaultStartLevel=4 -Declipse.product=org.eclipse.jdt.ls.core.product -Djava.import.generatesMetadataFilesAtProjectRoot=false -DDetectVMInstallationsJob.disabled=true -Dfile.encoding=utf8 -XX:+UseParallelGC -XX:GCTimeRatio=4 -XX:AdaptiveSizePolicyWeight=90 -Dsun.zip.disableMemoryMapping=true -Xmx2G -Xms100m -Xlog:disable -javaagent:/home/ivanovviktor/.vscode/extensions/redhat.java-1.50.0-linux-x64/lombok/lombok-1.18.39-4050.jar -XX:+HeapDumpOnOutOfMemoryError -XX:HeapDumpPath=/home/ivanovviktor/.config/Code/User/workspaceStorage/adc66deb37f04a6f3afbbcce13cfa2b9/redhat.java -Daether.dependencyCollector.impl=bf /home/ivanovviktor/.vscode/extensions/redhat.java-1.50.0-linux-x64/server/plugins/org.eclipse.equinox.launcher_1.7.100.v20251111-0406.jar -configuration /home/ivanovviktor/.config/Code/User/globalStorage/redhat.java/1.50.0/config_linux -data /home/ivanovviktor/.config/Code/User/workspaceStorage/adc66deb37f04a6f3afbbcce13cfa2b9/redhat.java/jdt_ws --pipe=/run/user/1000/lsp-7f2e0da788db6d604f2dddf299e1132f.sock

Host: Intel(R) Core(TM) i7-7700K CPU @ 4.20GHz, 8 cores, 31G, Fedora release 43 (Forty Three)
Time: Sat Dec 27 19:01:07 2025 MSK elapsed time: 1.408586 seconds (0d 0h 0m 1s)

---------------  T H R E A D  ---------------

Current thread (0x00007f30cc164bb0):  JavaThread "C2 CompilerThread2" daemon [_thread_in_native, id=6047, stack(0x00007f3108de9000,0x00007f3108ee9000) (1024K)]


Current CompileTask:
C2:1408 2162   !   4       java.lang.String::<init> (890 bytes)

Stack: [0x00007f3108de9000,0x00007f3108ee9000],  sp=0x00007f3108ee5240,  free space=1008k
Native frames: (J=compiled Java code, j=interpreted, Vv=VM code, C=native code)
V  [libjvm.so+0x2f0227]  Matcher::is_generic_vector(MachOper*)+0x7
V  [libjvm.so+0xc5855d]  Matcher::specialize_generic_vector_operands()+0x19d
V  [libjvm.so+0xc5a6e0]  Matcher::match()+0xba0
V  [libjvm.so+0x670e63]  Compile::Code_Gen()+0xb3
V  [libjvm.so+0x67524d]  Compile::Compile(ciEnv*, ciMethod*, int, Options, DirectiveSet*)+0x151d
V  [libjvm.so+0x59abbb]  C2Compiler::compile_method(ciEnv*, ciMethod*, int, bool, DirectiveSet*)+0x18b
V  [libjvm.so+0x67b0fe]  CompileBroker::invoke_compiler_on_method(CompileTask*)+0xc9e
V  [libjvm.so+0x67e438]  CompileBroker::compiler_thread_loop()+0x738
V  [libjvm.so+0x92e9b8]  JavaThread::thread_main_inner()+0x1d8
V  [libjvm.so+0xf84328]  Thread::call_run()+0xa8
V  [libjvm.so+0xd0d8ea]  thread_native_entry(Thread*)+0xda
C  [libc.so.6+0x72464]  start_thread+0x2e4

siginfo: si_signo: 11 (SIGSEGV), si_code: 128 (SI_KERNEL), si_addr: 0x0000000000000000

Registers:
RAX=0x00007f316c242090, RBX=0x0000000000000000, RCX=0x000000000000041e, RDX=0x00000000bfffffff
RSP=0x00007f3108ee5240, RBP=0x00007f3108ee5240, RSI=0x00007f30c4148bc0, RDI=0x00007f30bc325e60
R8 =0x00007f30d80bb1e8, R9 =0x00007f30c4148bc0, R10=0x0000000000000000, R11=0x00007f316cb80301
R12=0x00007f30d80ba628, R13=0x00007f3108ee59c0, R14=0x0000000000000000, R15=0x00007f30bc325df0
RIP=0x00007f316b8f0227, EFLAGS=0x0000000000010246, CSGSFS=0x002b000000000033, ERR=0x0000000000000000
  TRAPNO=0x000000000000000d

XMM[0]=0x0000000000000000 0x0000000000000000
XMM[1]=0x0000000000000000 0x0000000000000000
XMM[2]=0x0000000000000000 0x00007f30bc074a60
XMM[3]=0x0000000000000000 0x0000000000000000
XMM[4]=0x0000000000000000 0x0000000000000000
XMM[5]=0x0000000000000000 0x0000000000000000
XMM[6]=0x000000000000c000 0x0000000000000000
XMM[7]=0x0000000900000009 0x0000000000000000
XMM[8]=0x00007f30cc135020 0x00007f30cc134fc0
XMM[9]=0x00007f30cc134f60 0x00007f30cc134f00
XMM[10]=0x00007f30cc134900 0x00007f30cc1349c0
XMM[11]=0x00007f30cc134960 0x00007f30cc134a20
XMM[12]=0x00007f30cc1348a0 0x00007f30cc134840
XMM[13]=0x0000000000000000 0x00007f30cc134d20
XMM[14]=0x0000000000000000 0x00007f30cc134de0
XMM[15]=0x0000000000000000 0x00007f30cc134ea0
  MXCSR=0x00001fa2


Register to memory mapping:

RAX=0x00007f316c242090: <offset 0x0000000000c42090> in /home/ivanovviktor/.vscode/extensions/redhat.java-1.50.0-linux-x64/jre/21.0.9-linux-x86_64/lib/server/libjvm.so at 0x00007f316b600000
RBX=0x0 is null
RCX=0x000000000000041e is an unknown value
RDX=0x00000000bfffffff is an unallocated location in the heap
RSP=0x00007f3108ee5240 is pointing into the stack for thread: 0x00007f30cc164bb0
RBP=0x00007f3108ee5240 is pointing into the stack for thread: 0x00007f30cc164bb0
RSI=0x00007f30c4148bc0 points into unknown readable memory: 0xffffffbfbfff3fd8 | d8 3f ff bf bf ff ff ff
RDI=0x00007f30bc325e60 points into unknown readable memory: 0x00007f316ca42090 | 90 20 a4 6c 31 7f 00 00
R8 =0x00007f30d80bb1e8 points into unknown readable memory: 0x00007f316ca45e40 | 40 5e a4 6c 31 7f 00 00
R9 =0x00007f30c4148bc0 points into unknown readable memory: 0xffffffbfbfff3fd8 | d8 3f ff bf bf ff ff ff
R10=0x0 is null
R11=0x00007f316cb80301: <offset 0x0000000001580301> in /home/ivanovviktor/.vscode/extensions/redhat.java-1.50.0-linux-x64/jre/21.0.9-linux-x86_64/lib/server/libjvm.so at 0x00007f316b600000
R12=0x00007f30d80ba628 points into unknown readable memory: 0x00007f316ca7b558 | 58 b5 a7 6c 31 7f 00 00
R13=0x00007f3108ee59c0 is pointing into the stack for thread: 0x00007f30cc164bb0
R14=0x0 is null
R15=0x00007f30bc325df0 points into unknown readable memory: 0x00007f316ca836d0 | d0 36 a8 6c 31 7f 00 00

Top of Stack: (sp=0x00007f3108ee5240)
0x00007f3108ee5240:   00007f3108ee5310 00007f316c25855d
0x00007f3108ee5250:   00007f30bc06ded0 00007f30bc074a60
0x00007f3108ee5260:   00000000000487d8 00007f30bc075eb8
0x00007f3108ee5270:   00007f30bc06ded0 00007f30bc074a60
0x00007f3108ee5280:   00007f30cc0b2440 00007f3108ee5290
0x00007f3108ee5290:   00007f30cc0b2440 0000000700000800
0x00007f3108ee52a0:   00007f30c4144bc0 00000000000003d6
0x00007f3108ee52b0:   0000000a00000040 00007f30c4148bc0
0x00007f3108ee52c0:   00007f3100000040 00007f30cc0b2440
0x00007f3108ee52d0:   00007f310000000d 00007f316cb8030d
0x00007f3108ee52e0:   00007f3108ee5310 00007f3108ee5340
0x00007f3108ee52f0:   00007f3108ee59c0 00007f30cc138168
0x00007f3108ee5300:   00007f316403ac70 00007f316403ac70
0x00007f3108ee5310:   00007f3108ee5460 00007f316c25a6e0
0x00007f3108ee5320:   00007f3108ee5340 0000000000000000
0x00007f3108ee5330:   00007f30cc138168 00007f3108ee6d60
0x00007f3108ee5340:   0000000000000000 0000000000000000
0x00007f3108ee5350:   0000000000000000 0000000000000000
0x00007f3108ee5360:   0000000000000000 00007f316c73c993
0x00007f3108ee5370:   0000000000000000 0000000000000000
0x00007f3108ee5380:   0000000000000000 00007f316c73c993
0x00007f3108ee5390:   0000000000000000 0000000900000009
0x00007f3108ee53a0:   0000000000000000 00000000000027e8
0x00007f3108ee53b0:   0000000000000000 0000000000000000
0x00007f3108ee53c0:   0000000000000000 0000000000000000
0x00007f3108ee53d0:   0000000000000000 00007f3108ee59c0
0x00007f3108ee53e0:   00007f3108ee59d8 00007f3108ee56f0
0x00007f3108ee53f0:   00007f3108ee59c0 00007f3108ee59d8
0x00007f3108ee5400:   00007f3108ee5460 00007f316c24cf4e
0x00007f3108ee5410:   00007f316c7bc6a0 00007f316c7bc000
0x00007f3108ee5420:   00007f316c7bfb20 90dff476c1dced00
0x00007f3108ee5430:   00007f316c7c1e20 00007f316cb38271 

Instructions: (pc=0x00007f316b8f0227)
0x00007f316b8f0127:   ff 0f 1f 84 00 00 00 00 00 48 81 c7 80 02 00 00
0x00007f316b8f0137:   31 d2 be 08 00 00 00 e8 fd 59 15 00 e9 4f fd ff
0x00007f316b8f0147:   ff 0f 1f 84 00 00 00 00 00 48 81 c7 80 02 00 00
0x00007f316b8f0157:   31 d2 be 08 00 00 00 e8 dd 59 15 00 e9 ef fd ff
0x00007f316b8f0167:   ff 0f 1f 84 00 00 00 00 00 48 81 c7 80 02 00 00
0x00007f316b8f0177:   31 d2 be 08 00 00 00 e8 bd 59 15 00 e9 8f fe ff
0x00007f316b8f0187:   ff 0f 1f 84 00 00 00 00 00 48 81 c7 80 02 00 00
0x00007f316b8f0197:   31 d2 be 08 00 00 00 e8 9d 59 15 00 e9 0f fe ff
0x00007f316b8f01a7:   ff 0f 1f 84 00 00 00 00 00 48 81 c7 80 02 00 00
0x00007f316b8f01b7:   31 d2 be 08 00 00 00 e8 7d 59 15 00 e9 af fe ff
0x00007f316b8f01c7:   ff 48 8d 05 a1 6d 20 01 be 83 08 00 00 48 8d 3d
0x00007f316b8f01d7:   88 98 e2 00 48 8b 00 c6 00 58 e8 da ea 3c 00 66
0x00007f316b8f01e7:   2e 0f 1f 84 00 00 00 00 00 55 48 8b 07 48 89 e5
0x00007f316b8f01f7:   ff 90 c0 00 00 00 3d 4a 01 00 00 77 0c 3d 42 01
0x00007f316b8f0207:   00 00 5d 0f 97 c0 c3 66 90 2d 70 01 00 00 5d 83
0x00007f316b8f0217:   f8 01 0f 96 c0 c3 90 66 90 55 48 8b 07 48 89 e5
0x00007f316b8f0227:   ff 10 5d 83 e8 7f 83 f8 01 0f 96 c0 c3 66 66 2e
0x00007f316b8f0237:   0f 1f 84 00 00 00 00 00 90 48 8d 05 79 53 23 01
0x00007f316b8f0247:   c3 0f 1f 84 00 00 00 00 00 55 48 89 e5 41 54 49
0x00007f316b8f0257:   89 fc 53 89 f3 66 48 8d 3d 5c 11 20 01 66 66 48
0x00007f316b8f0267:   e8 34 35 fb ff 48 8b 00 48 8b 80 00 07 00 00 48
0x00007f316b8f0277:   8b 80 80 00 00 00 48 8b b8 50 03 00 00 48 c7 80
0x00007f316b8f0287:   78 03 00 00 28 00 00 00 48 8b 47 18 48 8b 57 20
0x00007f316b8f0297:   48 29 c2 48 83 fa 27 76 40 48 8d 50 28 48 89 57
0x00007f316b8f02a7:   18 48 85 c0 74 24 48 8d 15 bc 59 14 01 48 c7 40
0x00007f316b8f02b7:   08 00 00 00 00 c7 40 10 0b 00 00 00 48 83 c2 10
0x00007f316b8f02c7:   4c 89 60 18 89 58 20 48 89 10 5b 41 5c 5d c3 66
0x00007f316b8f02d7:   2e 0f 1f 84 00 00 00 00 00 31 d2 be 28 00 00 00
0x00007f316b8f02e7:   e8 54 58 15 00 eb ba 66 90 48 8d 05 05 84 20 01
0x00007f316b8f02f7:   83 38 01 0f 8e a8 00 00 00 48 8d 05 f1 83 20 01
0x00007f316b8f0307:   89 fa 8b 08 83 f9 01 7e 50 b8 08 00 00 00 8d 77
0x00007f316b8f0317:   fa d3 e0 83 fe 01 0f 86 ad 00 00 00 83 f9 02 7e 


Stack slot to memory mapping:

stack at sp + 0 slots: 0x00007f3108ee5310 is pointing into the stack for thread: 0x00007f30cc164bb0
stack at sp + 1 slots: 0x00007f316c25855d: <offset 0x0000000000c5855d> in /home/ivanovviktor/.vscode/extensions/redhat.java-1.50.0-linux-x64/jre/21.0.9-linux-x86_64/lib/server/libjvm.so at 0x00007f316b600000
stack at sp + 2 slots: 0x00007f30bc06ded0 points into unknown readable memory: 0x00007f30c4144bb0 | b0 4b 14 c4 30 7f 00 00
stack at sp + 3 slots: 0x00007f30bc074a60 points into unknown readable memory: 0x0000000000000000 | 00 00 00 00 00 00 00 00
stack at sp + 4 slots: 0x00000000000487d8 is an unknown value
stack at sp + 5 slots: 0x00007f30bc075eb8 points into unknown readable memory: 0x0000000000003075 | 75 30 00 00 00 00 00 00
stack at sp + 6 slots: 0x00007f30bc06ded0 points into unknown readable memory: 0x00007f30c4144bb0 | b0 4b 14 c4 30 7f 00 00
stack at sp + 7 slots: 0x00007f30bc074a60 points into unknown readable memory: 0x0000000000000000 | 00 00 00 00 00 00 00 00


---------------  P R O C E S S  ---------------

Threads class SMR info:
_java_thread_list=0x00007f309c051700, length=17, elements={
0x00007f316402b610, 0x00007f3164175780, 0x00007f3164176cb0, 0x00007f3164178400,
0x00007f3164179a00, 0x00007f316417af60, 0x00007f316417ca60, 0x00007f316417e0e0,
0x00007f31641dbee0, 0x00007f30d80c78c0, 0x00007f3164266540, 0x00007f30cc164bb0,
0x00007f3164428b10, 0x00007f3164493d30, 0x00007f30b0025d30, 0x00007f3164496aa0,
0x00007f309c422be0
}

Java Threads: ( => current thread )
  0x00007f316402b610 JavaThread "main"                              [_thread_blocked, id=6027, stack(0x00007f316b40b000,0x00007f316b50b000) (1024K)]
  0x00007f3164175780 JavaThread "Reference Handler"          daemon [_thread_blocked, id=6032, stack(0x00007f31097e9000,0x00007f31098e9000) (1024K)]
  0x00007f3164176cb0 JavaThread "Finalizer"                  daemon [_thread_blocked, id=6033, stack(0x00007f31096e9000,0x00007f31097e9000) (1024K)]
  0x00007f3164178400 JavaThread "Signal Dispatcher"          daemon [_thread_blocked, id=6034, stack(0x00007f31095e9000,0x00007f31096e9000) (1024K)]
  0x00007f3164179a00 JavaThread "Service Thread"             daemon [_thread_blocked, id=6035, stack(0x00007f31094e9000,0x00007f31095e9000) (1024K)]
  0x00007f316417af60 JavaThread "Monitor Deflation Thread"   daemon [_thread_blocked, id=6036, stack(0x00007f31093e9000,0x00007f31094e9000) (1024K)]
  0x00007f316417ca60 JavaThread "C2 CompilerThread0"         daemon [_thread_blocked, id=6037, stack(0x00007f31092e9000,0x00007f31093e9000) (1024K)]
  0x00007f316417e0e0 JavaThread "C1 CompilerThread0"         daemon [_thread_blocked, id=6038, stack(0x00007f31091e9000,0x00007f31092e9000) (1024K)]
  0x00007f31641dbee0 JavaThread "Common-Cleaner"             daemon [_thread_blocked, id=6042, stack(0x00007f31090e9000,0x00007f31091e9000) (1024K)]
  0x00007f30d80c78c0 JavaThread "C2 CompilerThread1"         daemon [_thread_blocked, id=6044, stack(0x00007f3108fe9000,0x00007f31090e9000) (1024K)]
  0x00007f3164266540 JavaThread "Notification Thread"        daemon [_thread_blocked, id=6045, stack(0x00007f3108ee9000,0x00007f3108fe9000) (1024K)]
=>0x00007f30cc164bb0 JavaThread "C2 CompilerThread2"         daemon [_thread_in_native, id=6047, stack(0x00007f3108de9000,0x00007f3108ee9000) (1024K)]
  0x00007f3164428b10 JavaThread "Active Thread: Equinox Container: 4d2bf80e-f69f-472b-b420-f170f7328825"        [_thread_blocked, id=6056, stack(0x00007f31089e6000,0x00007f3108ae6000) (1024K)]
  0x00007f3164493d30 JavaThread "Refresh Thread: Equinox Container: 4d2bf80e-f69f-472b-b420-f170f7328825" daemon [_thread_blocked, id=6063, stack(0x00007f31088e6000,0x00007f31089e6000) (1024K)]
  0x00007f30b0025d30 JavaThread "Framework Event Dispatcher: Equinox Container: 4d2bf80e-f69f-472b-b420-f170f7328825" daemon [_thread_blocked, id=6066, stack(0x00007f31086e5000,0x00007f31087e5000) (1024K)]
  0x00007f3164496aa0 JavaThread "Start Level: Equinox Container: 4d2bf80e-f69f-472b-b420-f170f7328825" daemon [_thread_in_native, id=6067, stack(0x00007f31085e5000,0x00007f31086e5000) (1024K)]
  0x00007f309c422be0 JavaThread "Bundle File Closer"         daemon [_thread_blocked, id=6071, stack(0x00007f31083e4000,0x00007f31084e4000) (1024K)]
Total: 17

Other Threads:
  0x00007f316416c3c0 VMThread "VM Thread"                           [id=6031, stack(0x00007f31098ea000,0x00007f31099ea000) (1024K)]
  0x00007f31640529b0 WatcherThread "VM Periodic Task Thread"        [id=6030, stack(0x00007f3154224000,0x00007f3154324000) (1024K)]
  0x00007f3164043a00 WorkerThread "GC Thread#0"                     [id=6028, stack(0x00007f3154aff000,0x00007f3154bff000) (1024K)]
  0x00007f30f8000f00 WorkerThread "GC Thread#1"                     [id=6048, stack(0x00007f3108ce9000,0x00007f3108de9000) (1024K)]
  0x00007f30f8002f10 WorkerThread "GC Thread#2"                     [id=6049, stack(0x00007f3108be8000,0x00007f3108ce8000) (1024K)]
  0x00007f30f80039a0 WorkerThread "GC Thread#3"                     [id=6050, stack(0x00007f3108ae7000,0x00007f3108be7000) (1024K)]
  0x00007f30f8004630 WorkerThread "GC Thread#4"                     [id=6064, stack(0x00007f31087e6000,0x00007f31088e6000) (1024K)]
  0x00007f30f8005930 WorkerThread "GC Thread#5"                     [id=6070, stack(0x00007f31084e5000,0x00007f31085e5000) (1024K)]
Total: 8

Threads with active compile tasks:
C2 CompilerThread2  1415 2162   !   4       java.lang.String::<init> (890 bytes)
Total: 1

VM state: not at safepoint (normal execution)

VM Mutex/Monitor currently owned by a thread: None

Heap address: 0x0000000080000000, size: 2048 MB, Compressed Oops mode: 32-bit

CDS archive(s) mapped at: [0x00007f310b000000-0x00007f310bbbe000-0x00007f310bbbe000), size 12312576, SharedBaseAddress: 0x00007f310b000000, ArchiveRelocationMode: 1.
Compressed class space mapped at: 0x00007f310c000000-0x00007f314c000000, reserved size: 1073741824
Narrow klass base: 0x00007f310b000000, Narrow klass shift: 0, Narrow klass range: 0x100000000

GC Precious Log:
 CardTable entry size: 512
 CPUs: 8 total, 8 available
 Memory: 32042M
 Large Page Support: Disabled
 NUMA Support: Disabled
 Compressed Oops: Enabled (32-bit)
 Alignments: Space 512K, Generation 512K, Heap 2M
 Heap Min Capacity: 100M
 Heap Initial Capacity: 100M
 Heap Max Capacity: 2G
 Pre-touch: Disabled
 Parallel Workers: 8

Heap:
 PSYoungGen      total 29696K, used 11274K [0x00000000d5580000, 0x00000000d7680000, 0x0000000100000000)
  eden space 25600K, 28% used [0x00000000d5580000,0x00000000d5c86330,0x00000000d6e80000)
  from space 4096K, 99% used [0x00000000d6e80000,0x00000000d727c6f8,0x00000000d7280000)
  to   space 4096K, 0% used [0x00000000d7280000,0x00000000d7280000,0x00000000d7680000)
 ParOldGen       total 68608K, used 5738K [0x0000000080000000, 0x0000000084300000, 0x00000000d5580000)
  object space 68608K, 8% used [0x0000000080000000,0x000000008059ab38,0x0000000084300000)
 Metaspace       used 9445K, committed 9792K, reserved 1114112K
  class space    used 997K, committed 1152K, reserved 1048576K

Card table byte_map: [0x00007f3154bff000,0x00007f3155000000] _byte_map_base: 0x00007f31547ff000

Marking Bits: (ParMarkBitMap*) 0x00007f316cb5a120
 Begin Bits: [0x00007f314c000000, 0x00007f314e000000)
 End Bits:   [0x00007f314e000000, 0x00007f3150000000)

Polling page: 0x00007f316ce3a000

Metaspace:

Usage:
  Non-class:      8.25 MB used.
      Class:    997.67 KB used.
       Both:      9.22 MB used.

Virtual space:
  Non-class space:       64.00 MB reserved,       8.44 MB ( 13%) committed,  1 nodes.
      Class space:        1.00 GB reserved,       1.12 MB ( <1%) committed,  1 nodes.
             Both:        1.06 GB reserved,       9.56 MB ( <1%) committed. 

Chunk freelists:
   Non-Class:  6.70 MB
       Class:  14.79 MB
        Both:  21.49 MB

MaxMetaspaceSize: unlimited
CompressedClassSpaceSize: 1.00 GB
Initial GC threshold: 21.00 MB
Current GC threshold: 21.00 MB
CDS: on
 - commit_granule_bytes: 65536.
 - commit_granule_words: 8192.
 - virtual_space_node_default_size: 8388608.
 - enlarge_chunks_in_place: 1.
 - use_allocation_guard: 0.


Internal statistics:

num_allocs_failed_limit: 0.
num_arena_births: 232.
num_arena_deaths: 0.
num_vsnodes_births: 2.
num_vsnodes_deaths: 0.
num_space_committed: 153.
num_space_uncommitted: 0.
num_chunks_returned_to_freelist: 0.
num_chunks_taken_from_freelist: 485.
num_chunk_merges: 0.
num_chunk_splits: 311.
num_chunks_enlarged: 198.
num_inconsistent_stats: 0.

CodeHeap 'non-profiled nmethods': size=120028Kb used=992Kb max_used=992Kb free=119035Kb
 bounds [0x00007f315cac9000, 0x00007f315cd39000, 0x00007f3164000000]
CodeHeap 'profiled nmethods': size=120028Kb used=3843Kb max_used=3843Kb free=116184Kb
 bounds [0x00007f3155000000, 0x00007f31553d0000, 0x00007f315c537000]
CodeHeap 'non-nmethods': size=5704Kb used=1218Kb max_used=1267Kb free=4485Kb
 bounds [0x00007f315c537000, 0x00007f315c7a7000, 0x00007f315cac9000]
CodeCache: size=245760Kb, used=6053Kb, max_used=6102Kb, free=239704Kb
 total_blobs=2674, nmethods=2184, adapters=397, full_count=0
Compilation: enabled, stopped_count=0, restarted_count=0

Compilation events (20 events):
Event: 1.381 Thread 0x00007f316417e0e0 nmethod 2161 0x00007f31553b7110 code [0x00007f31553b72a0, 0x00007f31553b73c0]
Event: 1.384 Thread 0x00007f30cc164bb0 2162   !   4       java.lang.String::<init> (890 bytes)
Event: 1.384 Thread 0x00007f30d80c78c0 2163       4       java.util.ImmutableCollections$MapN::get (35 bytes)
Event: 1.386 Thread 0x00007f316417ca60 nmethod 2158 0x00007f315cbbd390 code [0x00007f315cbbd560, 0x00007f315cbbdcb8]
Event: 1.387 Thread 0x00007f316417e0e0 2164       3       java.lang.ref.ReferenceQueue::<init> (32 bytes)
Event: 1.388 Thread 0x00007f316417e0e0 nmethod 2164 0x00007f31553b7490 code [0x00007f31553b76a0, 0x00007f31553b7e18]
Event: 1.388 Thread 0x00007f316417ca60 2165 %     4       java.lang.String::decodeUTF8_UTF16 @ 0 (624 bytes)
Event: 1.389 Thread 0x00007f316417e0e0 2166       3       java.nio.file.Files::provider (10 bytes)
Event: 1.389 Thread 0x00007f316417e0e0 nmethod 2166 0x00007f31553b8110 code [0x00007f31553b82c0, 0x00007f31553b84a0]
Event: 1.389 Thread 0x00007f316417e0e0 2167       3       sun.nio.fs.UnixPath::getFileSystem (5 bytes)
Event: 1.389 Thread 0x00007f316417e0e0 nmethod 2167 0x00007f31553b8610 code [0x00007f31553b87a0, 0x00007f31553b88d0]
Event: 1.389 Thread 0x00007f30d80c78c0 nmethod 2163 0x00007f315cbbe110 code [0x00007f315cbbe2e0, 0x00007f315cbbe920]
Event: 1.392 Thread 0x00007f30d80c78c0 2168       4       jdk.internal.ref.CleanerFactory::cleaner (4 bytes)
Event: 1.392 Thread 0x00007f30d80c78c0 nmethod 2168 0x00007f315cbbec10 code [0x00007f315cbbed80, 0x00007f315cbbedf0]
Event: 1.393 Thread 0x00007f316417e0e0 2169       3       sun.nio.fs.UnixPath::checkRead (17 bytes)
Event: 1.393 Thread 0x00007f316417e0e0 nmethod 2169 0x00007f31553b8990 code [0x00007f31553b8b40, 0x00007f31553b8d28]
Event: 1.396 Thread 0x00007f316417e0e0 2170   !   3       sun.nio.fs.UnixFileAttributes::toFileTime (60 bytes)
Event: 1.396 Thread 0x00007f316417e0e0 nmethod 2170 0x00007f31553b8e10 code [0x00007f31553b9000, 0x00007f31553b9300]
Event: 1.396 Thread 0x00007f316417e0e0 2171       3       java.lang.Math::multiplyExact (74 bytes)
Event: 1.396 Thread 0x00007f316417e0e0 nmethod 2171 0x00007f31553b9490 code [0x00007f31553b9660, 0x00007f31553b9b30]

GC Heap History (6 events):
Event: 0.517 GC heap before
{Heap before GC invocations=1 (full 0):
 PSYoungGen      total 29696K, used 25600K [0x00000000d5580000, 0x00000000d7680000, 0x0000000100000000)
  eden space 25600K, 100% used [0x00000000d5580000,0x00000000d6e80000,0x00000000d6e80000)
  from space 4096K, 0% used [0x00000000d7280000,0x00000000d7280000,0x00000000d7680000)
  to   space 4096K, 0% used [0x00000000d6e80000,0x00000000d6e80000,0x00000000d7280000)
 ParOldGen       total 68608K, used 1066K [0x0000000080000000, 0x0000000084300000, 0x00000000d5580000)
  object space 68608K, 1% used [0x0000000080000000,0x000000008010aa78,0x0000000084300000)
 Metaspace       used 4460K, committed 4672K, reserved 1114112K
  class space    used 478K, committed 576K, reserved 1048576K
}
Event: 0.523 GC heap after
{Heap after GC invocations=1 (full 0):
 PSYoungGen      total 29696K, used 2896K [0x00000000d5580000, 0x00000000d7680000, 0x0000000100000000)
  eden space 25600K, 0% used [0x00000000d5580000,0x00000000d5580000,0x00000000d6e80000)
  from space 4096K, 70% used [0x00000000d6e80000,0x00000000d7154148,0x00000000d7280000)
  to   space 4096K, 0% used [0x00000000d7280000,0x00000000d7280000,0x00000000d7680000)
 ParOldGen       total 68608K, used 1074K [0x0000000080000000, 0x0000000084300000, 0x00000000d5580000)
  object space 68608K, 1% used [0x0000000080000000,0x000000008010ca78,0x0000000084300000)
 Metaspace       used 4460K, committed 4672K, reserved 1114112K
  class space    used 478K, committed 576K, reserved 1048576K
}
Event: 1.015 GC heap before
{Heap before GC invocations=2 (full 0):
 PSYoungGen      total 29696K, used 28496K [0x00000000d5580000, 0x00000000d7680000, 0x0000000100000000)
  eden space 25600K, 100% used [0x00000000d5580000,0x00000000d6e80000,0x00000000d6e80000)
  from space 4096K, 70% used [0x00000000d6e80000,0x00000000d7154148,0x00000000d7280000)
  to   space 4096K, 0% used [0x00000000d7280000,0x00000000d7280000,0x00000000d7680000)
 ParOldGen       total 68608K, used 1074K [0x0000000080000000, 0x0000000084300000, 0x00000000d5580000)
  object space 68608K, 1% used [0x0000000080000000,0x000000008010ca78,0x0000000084300000)
 Metaspace       used 8132K, committed 8384K, reserved 1114112K
  class space    used 849K, committed 960K, reserved 1048576K
}
Event: 1.022 GC heap after
{Heap after GC invocations=2 (full 0):
 PSYoungGen      total 29696K, used 4077K [0x00000000d5580000, 0x00000000d7680000, 0x0000000100000000)
  eden space 25600K, 0% used [0x00000000d5580000,0x00000000d5580000,0x00000000d6e80000)
  from space 4096K, 99% used [0x00000000d7280000,0x00000000d767b670,0x00000000d7680000)
  to   space 4096K, 0% used [0x00000000d6e80000,0x00000000d6e80000,0x00000000d7280000)
 ParOldGen       total 68608K, used 2445K [0x0000000080000000, 0x0000000084300000, 0x00000000d5580000)
  object space 68608K, 3% used [0x0000000080000000,0x0000000080263458,0x0000000084300000)
 Metaspace       used 8132K, committed 8384K, reserved 1114112K
  class space    used 849K, committed 960K, reserved 1048576K
}
Event: 1.295 GC heap before
{Heap before GC invocations=3 (full 0):
 PSYoungGen      total 29696K, used 29677K [0x00000000d5580000, 0x00000000d7680000, 0x0000000100000000)
  eden space 25600K, 100% used [0x00000000d5580000,0x00000000d6e80000,0x00000000d6e80000)
  from space 4096K, 99% used [0x00000000d7280000,0x00000000d767b670,0x00000000d7680000)
  to   space 4096K, 0% used [0x00000000d6e80000,0x00000000d6e80000,0x00000000d7280000)
 ParOldGen       total 68608K, used 2445K [0x0000000080000000, 0x0000000084300000, 0x00000000d5580000)
  object space 68608K, 3% used [0x0000000080000000,0x0000000080263458,0x0000000084300000)
 Metaspace       used 9387K, committed 9728K, reserved 1114112K
  class space    used 997K, committed 1152K, reserved 1048576K
}
Event: 1.300 GC heap after
{Heap after GC invocations=3 (full 0):
 PSYoungGen      total 29696K, used 4081K [0x00000000d5580000, 0x00000000d7680000, 0x0000000100000000)
  eden space 25600K, 0% used [0x00000000d5580000,0x00000000d5580000,0x00000000d6e80000)
  from space 4096K, 99% used [0x00000000d6e80000,0x00000000d727c6f8,0x00000000d7280000)
  to   space 4096K, 0% used [0x00000000d7280000,0x00000000d7280000,0x00000000d7680000)
 ParOldGen       total 68608K, used 5738K [0x0000000080000000, 0x0000000084300000, 0x00000000d5580000)
  object space 68608K, 8% used [0x0000000080000000,0x000000008059ab38,0x0000000084300000)
 Metaspace       used 9387K, committed 9728K, reserved 1114112K
  class space    used 997K, committed 1152K, reserved 1048576K
}

Dll operation events (9 events):
Event: 0.002 Loaded shared library /home/ivanovviktor/.vscode/extensions/redhat.java-1.50.0-linux-x64/jre/21.0.9-linux-x86_64/lib/libjava.so
Event: 0.051 Loaded shared library /home/ivanovviktor/.vscode/extensions/redhat.java-1.50.0-linux-x64/jre/21.0.9-linux-x86_64/lib/libzip.so
Event: 0.066 Loaded shared library /home/ivanovviktor/.vscode/extensions/redhat.java-1.50.0-linux-x64/jre/21.0.9-linux-x86_64/lib/libinstrument.so
Event: 0.068 Loaded shared library /home/ivanovviktor/.vscode/extensions/redhat.java-1.50.0-linux-x64/jre/21.0.9-linux-x86_64/lib/libnio.so
Event: 0.070 Loaded shared library /home/ivanovviktor/.vscode/extensions/redhat.java-1.50.0-linux-x64/jre/21.0.9-linux-x86_64/lib/libzip.so
Event: 0.082 Loaded shared library /home/ivanovviktor/.vscode/extensions/redhat.java-1.50.0-linux-x64/jre/21.0.9-linux-x86_64/lib/libjimage.so
Event: 0.134 Loaded shared library /home/ivanovviktor/.vscode/extensions/redhat.java-1.50.0-linux-x64/jre/21.0.9-linux-x86_64/lib/libverify.so
Event: 0.565 Loaded shared library /home/ivanovviktor/.vscode/extensions/redhat.java-1.50.0-linux-x64/jre/21.0.9-linux-x86_64/lib/libnet.so
Event: 1.006 Loaded shared library /home/ivanovviktor/.config/Code/User/globalStorage/redhat.java/1.50.0/config_linux/org.eclipse.equinox.launcher/org.eclipse.equinox.launcher.gtk.linux.x86_64_1.2.1500.v20250801-0854/eclipse_11916.so

Deoptimization events (20 events):
Event: 1.349 Thread 0x00007f3164496aa0 DEOPT PACKING pc=0x00007f315cb20108 sp=0x00007f31086e2400
Event: 1.349 Thread 0x00007f3164496aa0 DEOPT UNPACKING pc=0x00007f315c58a399 sp=0x00007f31086e2370 mode 2
Event: 1.349 Thread 0x00007f3164496aa0 Uncommon trap: trap_request=0xffffff45 fr.pc=0x00007f315cae636c relative=0x000000000000006c
Event: 1.349 Thread 0x00007f3164496aa0 Uncommon trap: reason=unstable_if action=reinterpret pc=0x00007f315cae636c method=java.lang.String.isLatin1()Z @ 10 c2
Event: 1.349 Thread 0x00007f3164496aa0 DEOPT PACKING pc=0x00007f315cae636c sp=0x00007f31086e2350
Event: 1.349 Thread 0x00007f3164496aa0 DEOPT UNPACKING pc=0x00007f315c58a399 sp=0x00007f31086e2300 mode 2
Event: 1.375 Thread 0x00007f3164496aa0 Uncommon trap: trap_request=0xffffff45 fr.pc=0x00007f315cae00d8 relative=0x0000000000000138
Event: 1.375 Thread 0x00007f3164496aa0 Uncommon trap: reason=unstable_if action=reinterpret pc=0x00007f315cae00d8 method=java.lang.StringCoding.countPositives([BII)I @ 17 c2
Event: 1.375 Thread 0x00007f3164496aa0 DEOPT PACKING pc=0x00007f315cae00d8 sp=0x00007f31086e1710
Event: 1.375 Thread 0x00007f3164496aa0 DEOPT UNPACKING pc=0x00007f315c58a399 sp=0x00007f31086e16b8 mode 2
Event: 1.379 Thread 0x00007f3164496aa0 DEOPT PACKING pc=0x00007f31553b3ccd sp=0x00007f31086e1720
Event: 1.379 Thread 0x00007f3164496aa0 DEOPT UNPACKING pc=0x00007f315c58ab2f sp=0x00007f31086e0bb0 mode 0
Event: 1.381 Thread 0x00007f3164496aa0 DEOPT PACKING pc=0x00007f31553b3ccd sp=0x00007f31086e1790
Event: 1.381 Thread 0x00007f3164496aa0 DEOPT UNPACKING pc=0x00007f315c58ab2f sp=0x00007f31086e0c20 mode 0
Event: 1.387 Thread 0x00007f3164496aa0 DEOPT PACKING pc=0x00007f31553b3ccd sp=0x00007f31086e1720
Event: 1.387 Thread 0x00007f3164496aa0 DEOPT UNPACKING pc=0x00007f315c58ab2f sp=0x00007f31086e0bb0 mode 0
Event: 1.392 Thread 0x00007f3164496aa0 DEOPT PACKING pc=0x00007f31553b3ccd sp=0x00007f31086e1790
Event: 1.392 Thread 0x00007f3164496aa0 DEOPT UNPACKING pc=0x00007f315c58ab2f sp=0x00007f31086e0c20 mode 0
Event: 1.396 Thread 0x00007f3164496aa0 DEOPT PACKING pc=0x00007f31553b3ccd sp=0x00007f31086e1720
Event: 1.396 Thread 0x00007f3164496aa0 DEOPT UNPACKING pc=0x00007f315c58ab2f sp=0x00007f31086e0bb0 mode 0

Classes loaded (20 events):
Event: 1.122 Loading class sun/util/logging/resources/logging_en
Event: 1.122 Loading class sun/util/logging/resources/logging_en done
Event: 1.122 Loading class sun/util/logging/resources/logging_en
Event: 1.122 Loading class sun/util/logging/resources/logging_en done
Event: 1.122 Loading class sun/util/logging/resources/logging_en_US
Event: 1.122 Loading class sun/util/logging/resources/logging_en_US done
Event: 1.122 Loading class sun/util/logging/resources/logging_en_US
Event: 1.122 Loading class sun/util/logging/resources/logging_en_US done
Event: 1.124 Loading class java/util/Formatter$DateTime
Event: 1.124 Loading class java/util/Formatter$DateTime done
Event: 1.124 Loading class java/util/Formatter$FixedString
Event: 1.124 Loading class java/util/Formatter$FixedString done
Event: 1.125 Loading class java/time/ZonedDateTime$1
Event: 1.125 Loading class java/time/ZonedDateTime$1 done
Event: 1.127 Loading class jdk/internal/module/ModulePatcher$PatchedModuleReader
Event: 1.127 Loading class jdk/internal/module/ModulePatcher$PatchedModuleReader done
Event: 1.133 Loading class sun/text/resources/cldr/FormatData_en
Event: 1.133 Loading class sun/text/resources/cldr/FormatData_en done
Event: 1.133 Loading class sun/text/resources/cldr/FormatData_en_US
Event: 1.133 Loading class sun/text/resources/cldr/FormatData_en_US done

Classes unloaded (0 events):
No events

Classes redefined (0 events):
No events

Internal exceptions (20 events):
Event: 0.535 Thread 0x00007f316402b610 Implicit null exception at 0x00007f315cb1b9a9 to 0x00007f315cb1c36c
Event: 0.536 Thread 0x00007f316402b610 Implicit null exception at 0x00007f315cb2359a to 0x00007f315cb237b4
Event: 0.536 Thread 0x00007f316402b610 Exception <a 'java/lang/NoSuchMethodError'{0x00000000d562e020}: 'void java.lang.invoke.DirectMethodHandle$Holder.invokeStatic(java.lang.Object, java.lang.Object, java.lang.Object, java.lang.Object)'> (0x00000000d562e020) 
thrown [src/hotspot/share/interpreter/linkResolver.cpp, line 772]
Event: 0.538 Thread 0x00007f316402b610 Implicit null exception at 0x00007f315cb1e83c to 0x00007f315cb1eb08
Event: 0.539 Thread 0x00007f316402b610 Implicit null exception at 0x00007f315cb1cdc0 to 0x00007f315cb1ce45
Event: 0.590 Thread 0x00007f316402b610 Exception <a 'java/lang/NoSuchMethodError'{0x00000000d58f6d68}: 'void java.lang.invoke.DirectMethodHandle$Holder.invokeSpecial(java.lang.Object, java.lang.Object, java.lang.Object)'> (0x00000000d58f6d68) 
thrown [src/hotspot/share/interpreter/linkResolver.cpp, line 772]
Event: 0.767 Thread 0x00007f316402b610 Exception <a 'java/lang/NoSuchMethodError'{0x00000000d62f1e38}: 'int java.lang.invoke.DirectMethodHandle$Holder.invokeVirtual(java.lang.Object, java.lang.Object)'> (0x00000000d62f1e38) 
thrown [src/hotspot/share/interpreter/linkResolver.cpp, line 772]
Event: 0.801 Thread 0x00007f316402b610 Exception <a 'java/lang/NoSuchMethodError'{0x00000000d6471390}: 'int java.lang.invoke.DirectMethodHandle$Holder.invokeStaticInit(java.lang.Object, java.lang.Object, java.lang.Object, java.lang.Object)'> (0x00000000d6471390) 
thrown [src/hotspot/share/interpreter/linkResolver.cpp, line 772]
Event: 0.813 Thread 0x00007f316402b610 Exception <a 'java/lang/IncompatibleClassChangeError'{0x00000000d6479798}: Found class java.lang.Object, but interface was expected> (0x00000000d6479798) 
thrown [src/hotspot/share/interpreter/linkResolver.cpp, line 840]
Event: 0.814 Thread 0x00007f316402b610 Exception <a 'java/lang/NoSuchMethodError'{0x00000000d64805d8}: 'void java.lang.invoke.DirectMethodHandle$Holder.invokeStaticInit(java.lang.Object, java.lang.Object)'> (0x00000000d64805d8) 
thrown [src/hotspot/share/interpreter/linkResolver.cpp, line 772]
Event: 0.815 Thread 0x00007f316402b610 Exception <a 'java/lang/NoSuchMethodError'{0x00000000d648a060}: 'int java.lang.invoke.DirectMethodHandle$Holder.invokeStaticInit(java.lang.Object, java.lang.Object)'> (0x00000000d648a060) 
thrown [src/hotspot/share/interpreter/linkResolver.cpp, line 772]
Event: 0.851 Thread 0x00007f316402b610 Exception <a 'java/lang/NoSuchMethodError'{0x00000000d66f8408}: 'java.lang.Object java.lang.invoke.DirectMethodHandle$Holder.newInvokeSpecial(java.lang.Object, int, java.lang.Object)'> (0x00000000d66f8408) 
thrown [src/hotspot/share/interpreter/linkResolver.cpp, line 772]
Event: 0.902 Thread 0x00007f316402b610 Exception <a 'java/lang/ClassNotFoundException'{0x00000000d69306e8}: sun/net/www/protocol/plurl/Handler> (0x00000000d69306e8) 
thrown [src/hotspot/share/classfile/systemDictionary.cpp, line 312]
Event: 0.903 Thread 0x00007f316402b610 Exception <a 'java/lang/ClassNotFoundException'{0x00000000d6931568}: sun/net/www/protocol/plurl/Handler> (0x00000000d6931568) 
thrown [src/hotspot/share/classfile/systemDictionary.cpp, line 312]
Event: 1.005 Thread 0x00007f316402b610 Exception <a 'java/lang/UnsatisfiedLinkError'{0x00000000d6d16ba0}: 'void org.eclipse.equinox.launcher.JNIBridge._update_splash()'> (0x00000000d6d16ba0) 
thrown [src/hotspot/share/prims/nativeLookup.cpp, line 415]
Event: 1.035 Thread 0x00007f3164493d30 Exception <a 'java/lang/NoSuchMethodError'{0x00000000d56d5ba0}: 'void java.lang.invoke.DirectMethodHandle$Holder.invokeInterface(java.lang.Object, java.lang.Object, java.lang.Object)'> (0x00000000d56d5ba0) 
thrown [src/hotspot/share/interpreter/linkResolver.cpp, line 772]
Event: 1.092 Thread 0x00007f3164496aa0 Exception <a 'java/lang/NoSuchMethodError'{0x00000000d5afc318}: 'java.lang.Object java.lang.invoke.DirectMethodHandle$Holder.newInvokeSpecial(java.lang.Object, java.lang.Object, int, java.lang.Object)'> (0x00000000d5afc318) 
thrown [src/hotspot/share/interpreter/linkResolver.cpp, line 772]
Event: 1.093 Thread 0x00007f3164496aa0 Exception <a 'java/lang/NoSuchMethodError'{0x00000000d5b00148}: 'java.lang.Object java.lang.invoke.DirectMethodHandle$Holder.invokeSpecial(java.lang.Object, java.lang.Object, java.lang.Object, int, java.lang.Object)'> (0x00000000d5b00148) 
thrown [src/hotspot/share/interpreter/linkResolver.cpp, line 772]
Event: 1.103 Thread 0x00007f3164496aa0 Exception <a 'java/lang/NoClassDefFoundError'{0x00000000d5bd0b68}: jakarta/servlet/ServletContainerInitializer> (0x00000000d5bd0b68) 
thrown [src/hotspot/share/classfile/systemDictionary.cpp, line 301]
Event: 1.121 Thread 0x00007f3164496aa0 Exception <a 'java/lang/ClassNotFoundException'{0x00000000d5d3fe78}: sun/util/logging/resources/spi/loggingProvider> (0x00000000d5d3fe78) 
thrown [src/hotspot/share/classfile/systemDictionary.cpp, line 312]

ZGC Phase Switch (0 events):
No events

VM Operations (20 events):
Event: 0.844 Executing VM operation: HandshakeAllThreads (Deoptimize)
Event: 0.844 Executing VM operation: HandshakeAllThreads (Deoptimize) done
Event: 0.879 Executing VM operation: HandshakeAllThreads (Deoptimize)
Event: 0.880 Executing VM operation: HandshakeAllThreads (Deoptimize) done
Event: 0.899 Executing VM operation: HandshakeAllThreads (Deoptimize)
Event: 0.899 Executing VM operation: HandshakeAllThreads (Deoptimize) done
Event: 0.975 Executing VM operation: ICBufferFull
Event: 0.975 Executing VM operation: ICBufferFull done
Event: 1.015 Executing VM operation: ParallelGCFailedAllocation (Allocation Failure)
Event: 1.022 Executing VM operation: ParallelGCFailedAllocation (Allocation Failure) done
Event: 1.114 Executing VM operation: HandshakeAllThreads (Deoptimize)
Event: 1.114 Executing VM operation: HandshakeAllThreads (Deoptimize) done
Event: 1.128 Executing VM operation: HandshakeAllThreads (Deoptimize)
Event: 1.128 Executing VM operation: HandshakeAllThreads (Deoptimize) done
Event: 1.135 Executing VM operation: HandshakeAllThreads (Deoptimize)
Event: 1.135 Executing VM operation: HandshakeAllThreads (Deoptimize) done
Event: 1.188 Executing VM operation: HandshakeAllThreads (Deoptimize)
Event: 1.188 Executing VM operation: HandshakeAllThreads (Deoptimize) done
Event: 1.295 Executing VM operation: ParallelGCFailedAllocation (Allocation Failure)
Event: 1.300 Executing VM operation: ParallelGCFailedAllocation (Allocation Failure) done

Memory protections (17 events):
Event: 0.002 Protecting memory [0x00007f316b40b000,0x00007f316b40f000] with protection modes 0
Event: 0.018 Protecting memory [0x00007f31097e9000,0x00007f31097ed000] with protection modes 0
Event: 0.019 Protecting memory [0x00007f31096e9000,0x00007f31096ed000] with protection modes 0
Event: 0.019 Protecting memory [0x00007f31095e9000,0x00007f31095ed000] with protection modes 0
Event: 0.019 Protecting memory [0x00007f31094e9000,0x00007f31094ed000] with protection modes 0
Event: 0.019 Protecting memory [0x00007f31093e9000,0x00007f31093ed000] with protection modes 0
Event: 0.019 Protecting memory [0x00007f31092e9000,0x00007f31092ed000] with protection modes 0
Event: 0.020 Protecting memory [0x00007f31091e9000,0x00007f31091ed000] with protection modes 0
Event: 0.067 Protecting memory [0x00007f31090e9000,0x00007f31090ed000] with protection modes 0
Event: 0.132 Protecting memory [0x00007f3108fe9000,0x00007f3108fed000] with protection modes 0
Event: 0.197 Protecting memory [0x00007f3108ee9000,0x00007f3108eed000] with protection modes 0
Event: 0.267 Protecting memory [0x00007f3108de9000,0x00007f3108ded000] with protection modes 0
Event: 0.831 Protecting memory [0x00007f31089e6000,0x00007f31089ea000] with protection modes 0
Event: 1.004 Protecting memory [0x00007f31088e6000,0x00007f31088ea000] with protection modes 0
Event: 1.037 Protecting memory [0x00007f31086e5000,0x00007f31086e9000] with protection modes 0
Event: 1.040 Protecting memory [0x00007f31085e5000,0x00007f31085e9000] with protection modes 0
Event: 1.313 Protecting memory [0x00007f31083e4000,0x00007f31083e8000] with protection modes 0

Nmethod flushes (0 events):
No events

Events (17 events):
Event: 0.011 Thread 0x00007f316402b610 Thread added: 0x00007f316402b610
Event: 0.018 Thread 0x00007f316402b610 Thread added: 0x00007f3164175780
Event: 0.019 Thread 0x00007f316402b610 Thread added: 0x00007f3164176cb0
Event: 0.019 Thread 0x00007f316402b610 Thread added: 0x00007f3164178400
Event: 0.019 Thread 0x00007f316402b610 Thread added: 0x00007f3164179a00
Event: 0.019 Thread 0x00007f316402b610 Thread added: 0x00007f316417af60
Event: 0.019 Thread 0x00007f316402b610 Thread added: 0x00007f316417ca60
Event: 0.019 Thread 0x00007f316402b610 Thread added: 0x00007f316417e0e0
Event: 0.067 Thread 0x00007f316402b610 Thread added: 0x00007f31641dbee0
Event: 0.132 Thread 0x00007f316417ca60 Thread added: 0x00007f30d80c78c0
Event: 0.197 Thread 0x00007f316402b610 Thread added: 0x00007f3164266540
Event: 0.267 Thread 0x00007f316417e0e0 Thread added: 0x00007f30cc164bb0
Event: 0.831 Thread 0x00007f316402b610 Thread added: 0x00007f3164428b10
Event: 1.004 Thread 0x00007f316402b610 Thread added: 0x00007f3164493d30
Event: 1.037 Thread 0x00007f3164493d30 Thread added: 0x00007f30b0025d30
Event: 1.040 Thread 0x00007f316402b610 Thread added: 0x00007f3164496aa0
Event: 1.313 Thread 0x00007f3164496aa0 Thread added: 0x00007f309c422be0


Dynamic libraries:
80000000-84300000 rw-p 00000000 00:00 0 
84300000-d5580000 ---p 00000000 00:00 0 
d5580000-d7680000 rw-p 00000000 00:00 0 
d7680000-100000000 ---p 00000000 00:00 0 
555bbc5a4000-555bbc5a5000 r-xp 00000000 00:1f 2267107                    /home/ivanovviktor/.vscode/extensions/redhat.java-1.50.0-linux-x64/jre/21.0.9-linux-x86_64/bin/java
555bbc5a6000-555bbc5a7000 r--p 00001000 00:1f 2267107                    /home/ivanovviktor/.vscode/extensions/redhat.java-1.50.0-linux-x64/jre/21.0.9-linux-x86_64/bin/java
555bbc5a7000-555bbc5a8000 rw-p 00002000 00:1f 2267107                    /home/ivanovviktor/.vscode/extensions/redhat.java-1.50.0-linux-x64/jre/21.0.9-linux-x86_64/bin/java
555bfc298000-555bfc2df000 rw-p 00000000 00:00 0                          [heap]
7f3094000000-7f3094021000 rw-p 00000000 00:00 0 
7f3094021000-7f3098000000 ---p 00000000 00:00 0 
7f309c000000-7f309c45e000 rw-p 00000000 00:00 0 
7f309c45e000-7f30a0000000 ---p 00000000 00:00 0 
7f30a0000000-7f30a0021000 rw-p 00000000 00:00 0 
7f30a0021000-7f30a4000000 ---p 00000000 00:00 0 
7f30a4000000-7f30a4021000 rw-p 00000000 00:00 0 
7f30a4021000-7f30a8000000 ---p 00000000 00:00 0 
7f30a8000000-7f30a8021000 rw-p 00000000 00:00 0 
7f30a8021000-7f30ac000000 ---p 00000000 00:00 0 
7f30ac000000-7f30ac021000 rw-p 00000000 00:00 0 
7f30ac021000-7f30b0000000 ---p 00000000 00:00 0 
7f30b0000000-7f30b0030000 rw-p 00000000 00:00 0 
7f30b0030000-7f30b4000000 ---p 00000000 00:00 0 
7f30b4000000-7f30b4021000 rw-p 00000000 00:00 0 
7f30b4021000-7f30b8000000 ---p 00000000 00:00 0 
7f30b8000000-7f30b8021000 rw-p 00000000 00:00 0 
7f30b8021000-7f30bc000000 ---p 00000000 00:00 0 
7f30bc000000-7f30bc331000 rw-p 00000000 00:00 0 
7f30bc331000-7f30c0000000 ---p 00000000 00:00 0 
7f30c0000000-7f30c0021000 rw-p 00000000 00:00 0 
7f30c0021000-7f30c4000000 ---p 00000000 00:00 0 
7f30c4000000-7f30c4434000 rw-p 00000000 00:00 0 
7f30c4434000-7f30c8000000 ---p 00000000 00:00 0 
7f30c8000000-7f30c8021000 rw-p 00000000 00:00 0 
7f30c8021000-7f30cc000000 ---p 00000000 00:00 0 
7f30cc000000-7f30cc38f000 rw-p 00000000 00:00 0 
7f30cc38f000-7f30d0000000 ---p 00000000 00:00 0 
7f30d0000000-7f30d0021000 rw-p 00000000 00:00 0 
7f30d0021000-7f30d4000000 ---p 00000000 00:00 0 
7f30d4000000-7f30d4021000 rw-p 00000000 00:00 0 
7f30d4021000-7f30d8000000 ---p 00000000 00:00 0 
7f30d8000000-7f30d84dc000 rw-p 00000000 00:00 0 
7f30d84dc000-7f30dc000000 ---p 00000000 00:00 0 
7f30dc000000-7f30dc021000 rw-p 00000000 00:00 0 
7f30dc021000-7f30e0000000 ---p 00000000 00:00 0 
7f30e0000000-7f30e0021000 rw-p 00000000 00:00 0 
7f30e0021000-7f30e4000000 ---p 00000000 00:00 0 
7f30e4000000-7f30e4021000 rw-p 00000000 00:00 0 
7f30e4021000-7f30e8000000 ---p 00000000 00:00 0 
7f30e9d19000-7f30ea000000 rw-p 00000000 00:00 0 
7f30ea000000-7f30f7e70000 r--p 00000000 00:1f 4115962                    /usr/lib/locale/locale-archive
7f30f8000000-7f30f8021000 rw-p 00000000 00:00 0 
7f30f8021000-7f30fc000000 ---p 00000000 00:00 0 
7f30fc000000-7f30fc021000 rw-p 00000000 00:00 0 
7f30fc021000-7f3100000000 ---p 00000000 00:00 0 
7f3100000000-7f3100400000 rw-p 00000000 00:00 0 
7f3100400000-7f3100800000 rw-p 00000000 00:00 0 
7f3100800000-7f3100850000 rw-p 00000000 00:00 0 
7f3100850000-7f3100900000 ---p 00000000 00:00 0 
7f3100900000-7f3100920000 rw-p 00000000 00:00 0 
7f3100920000-7f3104000000 ---p 00000000 00:00 0 
7f3104000000-7f3104021000 rw-p 00000000 00:00 0 
7f3104021000-7f3108000000 ---p 00000000 00:00 0 
7f310825f000-7f31083e4000 rw-p 00000000 00:00 0 
7f31083e4000-7f31083e8000 ---p 00000000 00:00 0 
7f31083e8000-7f31085e5000 rw-p 00000000 00:00 0 
7f31085e5000-7f31085e9000 ---p 00000000 00:00 0 
7f31085e9000-7f31086e5000 rw-p 00000000 00:00 0 
7f31086e5000-7f31086e9000 ---p 00000000 00:00 0 
7f31086e9000-7f31088e6000 rw-p 00000000 00:00 0 
7f31088e6000-7f31088ea000 ---p 00000000 00:00 0 
7f31088ea000-7f31089e6000 rw-p 00000000 00:00 0 
7f31089e6000-7f31089ea000 ---p 00000000 00:00 0 
7f31089ea000-7f3108de9000 rw-p 00000000 00:00 0 
7f3108de9000-7f3108ded000 ---p 00000000 00:00 0 
7f3108ded000-7f3108ee9000 rw-p 00000000 00:00 0 
7f3108ee9000-7f3108eed000 ---p 00000000 00:00 0 
7f3108eed000-7f3108fe9000 rw-p 00000000 00:00 0 
7f3108fe9000-7f3108fed000 ---p 00000000 00:00 0 
7f3108fed000-7f31090e9000 rw-p 00000000 00:00 0 
7f31090e9000-7f31090ed000 ---p 00000000 00:00 0 
7f31090ed000-7f31091e9000 rw-p 00000000 00:00 0 
7f31091e9000-7f31091ed000 ---p 00000000 00:00 0 
7f31091ed000-7f31092e9000 rw-p 00000000 00:00 0 
7f31092e9000-7f31092ed000 ---p 00000000 00:00 0 
7f31092ed000-7f31093e9000 rw-p 00000000 00:00 0 
7f31093e9000-7f31093ed000 ---p 00000000 00:00 0 
7f31093ed000-7f31094e9000 rw-p 00000000 00:00 0 
7f31094e9000-7f31094ed000 ---p 00000000 00:00 0 
7f31094ed000-7f31095e9000 rw-p 00000000 00:00 0 
7f31095e9000-7f31095ed000 ---p 00000000 00:00 0 
7f31095ed000-7f31096e9000 rw-p 00000000 00:00 0 
7f31096e9000-7f31096ed000 ---p 00000000 00:00 0 
7f31096ed000-7f31097e9000 rw-p 00000000 00:00 0 
7f31097e9000-7f31097ed000 ---p 00000000 00:00 0 
7f31097ed000-7f31099ea000 rw-p 00000000 00:00 0 
7f31099ea000-7f310b000000 rw-p 00000000 00:00 0 
7f310b000000-7f310bbbe000 rw-p 00001000 00:1f 2267141                    /home/ivanovviktor/.vscode/extensions/redhat.java-1.50.0-linux-x64/jre/21.0.9-linux-x86_64/lib/server/classes.jsa
7f310bbbe000-7f310c000000 ---p 00000000 00:00 0 
7f310c000000-7f310c040000 rw-p 00000000 00:00 0 
7f310c040000-7f310c0c0000 rw-p 00000000 00:00 0 
7f310c0c0000-7f310c0e0000 rw-p 00000000 00:00 0 
7f310c0e0000-7f310c100000 ---p 00000000 00:00 0 
7f310c100000-7f310c140000 rw-p 00000000 00:00 0 
7f310c140000-7f314c000000 ---p 00000000 00:00 0 
7f314c000000-7f3150021000 rw-p 00000000 00:00 0 
7f3150021000-7f3154000000 ---p 00000000 00:00 0 
7f3154021000-7f3154223000 rw-p 00000000 00:00 0 
7f3154223000-7f3154324000 rw-p 00000000 00:00 0 
7f3154324000-7f3154800000 rw-p 00000000 00:00 0 
7f3154812000-7f3154875000 rw-p 00000000 00:00 0 
7f3154875000-7f3154afe000 ---p 00000000 00:00 0 
7f3154afe000-7f3154bff000 rw-p 00000000 00:00 0 
7f3154bff000-7f3154c21000 rw-p 00000000 00:00 0 
7f3154c21000-7f3154ea9000 ---p 00000000 00:00 0 
7f3154ea9000-7f3154ebb000 rw-p 00000000 00:00 0 
7f3154ebb000-7f3155000000 ---p 00000000 00:00 0 
7f3155000000-7f31553d0000 rwxp 00000000 00:00 0 
7f31553d0000-7f315c537000 ---p 00000000 00:00 0 
7f315c537000-7f315c7a7000 rwxp 00000000 00:00 0 
7f315c7a7000-7f315cac9000 ---p 00000000 00:00 0 
7f315cac9000-7f315cd39000 rwxp 00000000 00:00 0 
7f315cd39000-7f3164000000 ---p 00000000 00:00 0 
7f3164000000-7f31644ac000 rw-p 00000000 00:00 0 
7f31644ac000-7f3168000000 ---p 00000000 00:00 0 
7f316800f000-7f3168016000 r--s 00000000 00:1f 4162430                    /usr/lib64/gconv/gconv-modules.cache
7f3168016000-7f316801a000 r--p 00000000 00:1f 2295632                    /home/ivanovviktor/.config/Code/User/globalStorage/redhat.java/1.50.0/config_linux/org.eclipse.equinox.launcher/org.eclipse.equinox.launcher.gtk.linux.x86_64_1.2.1500.v20250801-0854/eclipse_11916.so
7f316801a000-7f3168024000 r-xp 00004000 00:1f 2295632                    /home/ivanovviktor/.config/Code/User/globalStorage/redhat.java/1.50.0/config_linux/org.eclipse.equinox.launcher/org.eclipse.equinox.launcher.gtk.linux.x86_64_1.2.1500.v20250801-0854/eclipse_11916.so
7f3168024000-7f3168027000 r--p 0000e000 00:1f 2295632                    /home/ivanovviktor/.config/Code/User/globalStorage/redhat.java/1.50.0/config_linux/org.eclipse.equinox.launcher/org.eclipse.equinox.launcher.gtk.linux.x86_64_1.2.1500.v20250801-0854/eclipse_11916.so
7f3168027000-7f3168028000 r--p 00010000 00:1f 2295632                    /home/ivanovviktor/.config/Code/User/globalStorage/redhat.java/1.50.0/config_linux/org.eclipse.equinox.launcher/org.eclipse.equinox.launcher.gtk.linux.x86_64_1.2.1500.v20250801-0854/eclipse_11916.so
7f3168028000-7f3168029000 rw-p 00011000 00:1f 2295632                    /home/ivanovviktor/.config/Code/User/globalStorage/redhat.java/1.50.0/config_linux/org.eclipse.equinox.launcher/org.eclipse.equinox.launcher.gtk.linux.x86_64_1.2.1500.v20250801-0854/eclipse_11916.so
7f3168029000-7f316802f000 rw-p 00000000 00:00 0 
7f316802f000-7f3168115000 ---p 00000000 00:00 0 
7f3168115000-7f316811d000 rw-p 00000000 00:00 0 
7f316811d000-7f3168200000 ---p 00000000 00:00 0 
7f3168200000-7f316b3d6000 r--s 00000000 00:1f 2267027                    /home/ivanovviktor/.vscode/extensions/redhat.java-1.50.0-linux-x64/jre/21.0.9-linux-x86_64/lib/modules
7f316b3d7000-7f316b3e4000 r-xp 00000000 00:1f 2267030                    /home/ivanovviktor/.vscode/extensions/redhat.java-1.50.0-linux-x64/jre/21.0.9-linux-x86_64/lib/libverify.so
7f316b3e4000-7f316b3e6000 r--p 0000c000 00:1f 2267030                    /home/ivanovviktor/.vscode/extensions/redhat.java-1.50.0-linux-x64/jre/21.0.9-linux-x86_64/lib/libverify.so
7f316b3e6000-7f316b3e7000 rw-p 0000e000 00:1f 2267030                    /home/ivanovviktor/.vscode/extensions/redhat.java-1.50.0-linux-x64/jre/21.0.9-linux-x86_64/lib/libverify.so
7f316b3e7000-7f316b3f3000 r-xp 00000000 00:1f 2267038                    /home/ivanovviktor/.vscode/extensions/redhat.java-1.50.0-linux-x64/jre/21.0.9-linux-x86_64/lib/libnet.so
7f316b3f3000-7f316b3f4000 r--p 0000b000 00:1f 2267038                    /home/ivanovviktor/.vscode/extensions/redhat.java-1.50.0-linux-x64/jre/21.0.9-linux-x86_64/lib/libnet.so
7f316b3f4000-7f316b3f5000 rw-p 0000c000 00:1f 2267038                    /home/ivanovviktor/.vscode/extensions/redhat.java-1.50.0-linux-x64/jre/21.0.9-linux-x86_64/lib/libnet.so
7f316b3f5000-7f316b409000 r-xp 00000000 00:1f 2267037                    /home/ivanovviktor/.vscode/extensions/redhat.java-1.50.0-linux-x64/jre/21.0.9-linux-x86_64/lib/libnio.so
7f316b409000-7f316b40a000 r--p 00013000 00:1f 2267037                    /home/ivanovviktor/.vscode/extensions/redhat.java-1.50.0-linux-x64/jre/21.0.9-linux-x86_64/lib/libnio.so
7f316b40a000-7f316b40b000 rw-p 00014000 00:1f 2267037                    /home/ivanovviktor/.vscode/extensions/redhat.java-1.50.0-linux-x64/jre/21.0.9-linux-x86_64/lib/libnio.so
7f316b40b000-7f316b40f000 ---p 00000000 00:00 0 
7f316b40f000-7f316b50b000 rw-p 00000000 00:00 0 
7f316b50b000-7f316b58d000 r-xp 00000000 00:1f 4115860                    /usr/lib64/libm.so.6
7f316b58d000-7f316b5fe000 r--p 00082000 00:1f 4115860                    /usr/lib64/libm.so.6
7f316b5fe000-7f316b5ff000 r--p 000f2000 00:1f 4115860                    /usr/lib64/libm.so.6
7f316b5ff000-7f316b600000 rw-p 000f3000 00:1f 4115860                    /usr/lib64/libm.so.6
7f316b600000-7f316ca1d000 r-xp 00000000 00:1f 2267138                    /home/ivanovviktor/.vscode/extensions/redhat.java-1.50.0-linux-x64/jre/21.0.9-linux-x86_64/lib/server/libjvm.so
7f316ca1d000-7f316caf2000 r--p 0141c000 00:1f 2267138                    /home/ivanovviktor/.vscode/extensions/redhat.java-1.50.0-linux-x64/jre/21.0.9-linux-x86_64/lib/server/libjvm.so
7f316caf2000-7f316cb22000 rw-p 014f1000 00:1f 2267138                    /home/ivanovviktor/.vscode/extensions/redhat.java-1.50.0-linux-x64/jre/21.0.9-linux-x86_64/lib/server/libjvm.so
7f316cb22000-7f316cb88000 rw-p 00000000 00:00 0 
7f316cb8d000-7f316cba8000 r-xp 00000000 00:1f 2267029                    /home/ivanovviktor/.vscode/extensions/redhat.java-1.50.0-linux-x64/jre/21.0.9-linux-x86_64/lib/libzip.so
7f316cba8000-7f316cba9000 r--p 0001a000 00:1f 2267029                    /home/ivanovviktor/.vscode/extensions/redhat.java-1.50.0-linux-x64/jre/21.0.9-linux-x86_64/lib/libzip.so
7f316cba9000-7f316cbaa000 rw-p 0001b000 00:1f 2267029                    /home/ivanovviktor/.vscode/extensions/redhat.java-1.50.0-linux-x64/jre/21.0.9-linux-x86_64/lib/libzip.so
7f316cbaa000-7f316cbd7000 rw-p 00000000 00:00 0 
7f316cbd7000-7f316cbde000 ---p 00000000 00:00 0 
7f316cbde000-7f316cbe6000 rw-s 00000000 00:2a 3151                       /tmp/hsperfdata_ivanovviktor/6026
7f316cbe6000-7f316cc06000 r-xp 00000000 00:1f 2267052                    /home/ivanovviktor/.vscode/extensions/redhat.java-1.50.0-linux-x64/jre/21.0.9-linux-x86_64/lib/libjava.so
7f316cc06000-7f316cc07000 ---p 00020000 00:1f 2267052                    /home/ivanovviktor/.vscode/extensions/redhat.java-1.50.0-linux-x64/jre/21.0.9-linux-x86_64/lib/libjava.so
7f316cc07000-7f316cc08000 r--p 00020000 00:1f 2267052                    /home/ivanovviktor/.vscode/extensions/redhat.java-1.50.0-linux-x64/jre/21.0.9-linux-x86_64/lib/libjava.so
7f316cc08000-7f316cc09000 rw-p 00021000 00:1f 2267052                    /home/ivanovviktor/.vscode/extensions/redhat.java-1.50.0-linux-x64/jre/21.0.9-linux-x86_64/lib/libjava.so
7f316cc09000-7f316cc0a000 rw-p 00000000 00:00 0 
7f316cc0a000-7f316cc25000 r-xp 00000000 00:1f 2267048                    /home/ivanovviktor/.vscode/extensions/redhat.java-1.50.0-linux-x64/jre/21.0.9-linux-x86_64/lib/libjimage.so
7f316cc25000-7f316cc26000 ---p 0001b000 00:1f 2267048                    /home/ivanovviktor/.vscode/extensions/redhat.java-1.50.0-linux-x64/jre/21.0.9-linux-x86_64/lib/libjimage.so
7f316cc26000-7f316cc28000 r--p 0001b000 00:1f 2267048                    /home/ivanovviktor/.vscode/extensions/redhat.java-1.50.0-linux-x64/jre/21.0.9-linux-x86_64/lib/libjimage.so
7f316cc28000-7f316cc29000 rw-p 0001d000 00:1f 2267048                    /home/ivanovviktor/.vscode/extensions/redhat.java-1.50.0-linux-x64/jre/21.0.9-linux-x86_64/lib/libjimage.so
7f316cc29000-7f316cc2a000 r-xp 00000000 00:1f 4115868                    /usr/lib64/librt.so.1
7f316cc2a000-7f316cc2b000 r--p 00001000 00:1f 4115868                    /usr/lib64/librt.so.1
7f316cc2b000-7f316cc2c000 r--p 00001000 00:1f 4115868                    /usr/lib64/librt.so.1
7f316cc2c000-7f316cc2f000 rw-p 00000000 00:00 0 
7f316cc2f000-7f316cd9e000 r-xp 00000000 00:1f 4115858                    /usr/lib64/libc.so.6
7f316cd9e000-7f316ce14000 r--p 0016f000 00:1f 4115858                    /usr/lib64/libc.so.6
7f316ce14000-7f316ce18000 r--p 001e4000 00:1f 4115858                    /usr/lib64/libc.so.6
7f316ce18000-7f316ce1a000 rw-p 001e8000 00:1f 4115858                    /usr/lib64/libc.so.6
7f316ce1a000-7f316ce22000 rw-p 00000000 00:00 0 
7f316ce22000-7f316ce23000 r-xp 00000000 00:1f 4115859                    /usr/lib64/libdl.so.2
7f316ce23000-7f316ce24000 r--p 00001000 00:1f 4115859                    /usr/lib64/libdl.so.2
7f316ce24000-7f316ce25000 r--p 00001000 00:1f 4115859                    /usr/lib64/libdl.so.2
7f316ce25000-7f316ce26000 rw-p 00000000 00:00 0 
7f316ce26000-7f316ce27000 r-xp 00000000 00:1f 4115866                    /usr/lib64/libpthread.so.0
7f316ce27000-7f316ce28000 r--p 00001000 00:1f 4115866                    /usr/lib64/libpthread.so.0
7f316ce28000-7f316ce29000 r--p 00001000 00:1f 4115866                    /usr/lib64/libpthread.so.0
7f316ce29000-7f316ce2a000 rw-p 00000000 00:00 0 
7f316ce2d000-7f316ce37000 r-xp 00000000 00:1f 2267057                    /home/ivanovviktor/.vscode/extensions/redhat.java-1.50.0-linux-x64/jre/21.0.9-linux-x86_64/lib/libinstrument.so
7f316ce37000-7f316ce38000 ---p 0000a000 00:1f 2267057                    /home/ivanovviktor/.vscode/extensions/redhat.java-1.50.0-linux-x64/jre/21.0.9-linux-x86_64/lib/libinstrument.so
7f316ce38000-7f316ce39000 r--p 0000a000 00:1f 2267057                    /home/ivanovviktor/.vscode/extensions/redhat.java-1.50.0-linux-x64/jre/21.0.9-linux-x86_64/lib/libinstrument.so
7f316ce39000-7f316ce3a000 rw-p 0000b000 00:1f 2267057                    /home/ivanovviktor/.vscode/extensions/redhat.java-1.50.0-linux-x64/jre/21.0.9-linux-x86_64/lib/libinstrument.so
7f316ce3a000-7f316ce3b000 ---p 00000000 00:00 0 
7f316ce3b000-7f316ce3c000 r--p 00000000 00:00 0 
7f316ce3c000-7f316ce3d000 ---p 00000000 00:00 0 
7f316ce3d000-7f316ce56000 r-xp 00000000 00:1f 2267047                    /home/ivanovviktor/.vscode/extensions/redhat.java-1.50.0-linux-x64/jre/21.0.9-linux-x86_64/lib/libjli.so
7f316ce56000-7f316ce57000 r--p 00018000 00:1f 2267047                    /home/ivanovviktor/.vscode/extensions/redhat.java-1.50.0-linux-x64/jre/21.0.9-linux-x86_64/lib/libjli.so
7f316ce57000-7f316ce58000 rw-p 00019000 00:1f 2267047                    /home/ivanovviktor/.vscode/extensions/redhat.java-1.50.0-linux-x64/jre/21.0.9-linux-x86_64/lib/libjli.so
7f316ce58000-7f316ce5a000 rw-p 00000000 00:00 0 
7f316ce5a000-7f316ce5e000 r--p 00000000 00:00 0                          [vvar]
7f316ce5e000-7f316ce60000 r--p 00000000 00:00 0                          [vvar_vclock]
7f316ce60000-7f316ce62000 r-xp 00000000 00:00 0                          [vdso]
7f316ce62000-7f316ce8c000 r-xp 00000000 00:1f 4115855                    /usr/lib64/ld-linux-x86-64.so.2
7f316ce8c000-7f316ce98000 r--p 0002a000 00:1f 4115855                    /usr/lib64/ld-linux-x86-64.so.2
7f316ce98000-7f316ce9a000 r--p 00035000 00:1f 4115855                    /usr/lib64/ld-linux-x86-64.so.2
7f316ce9a000-7f316ce9b000 rw-p 00037000 00:1f 4115855                    /usr/lib64/ld-linux-x86-64.so.2
7f316ce9b000-7f316ce9c000 rw-p 00000000 00:00 0 
7ffffd77d000-7ffffd79f000 rw-p 00000000 00:00 0                          [stack]
ffffffffff600000-ffffffffff601000 --xp 00000000 00:00 0                  [vsyscall]
Total number of mappings: 207

JVMTI agents:
/home/ivanovviktor/.vscode/extensions/redhat.java-1.50.0-linux-x64/lombok/lombok-1.18.39-4050.jar path:none, loaded, initialized, instrumentlib options:none


VM Arguments:
jvm_args: --add-modules=ALL-SYSTEM --add-opens=java.base/java.util=ALL-UNNAMED --add-opens=java.base/java.lang=ALL-UNNAMED --add-opens=java.base/sun.nio.fs=ALL-UNNAMED -Declipse.application=org.eclipse.jdt.ls.core.id1 -Dosgi.bundles.defaultStartLevel=4 -Declipse.product=org.eclipse.jdt.ls.core.product -Djava.import.generatesMetadataFilesAtProjectRoot=false -DDetectVMInstallationsJob.disabled=true -Dfile.encoding=utf8 -XX:+UseParallelGC -XX:GCTimeRatio=4 -XX:AdaptiveSizePolicyWeight=90 -Dsun.zip.disableMemoryMapping=true -Xmx2G -Xms100m -Xlog:disable -javaagent:/home/ivanovviktor/.vscode/extensions/redhat.java-1.50.0-linux-x64/lombok/lombok-1.18.39-4050.jar -XX:+HeapDumpOnOutOfMemoryError -XX:HeapDumpPath=/home/ivanovviktor/.config/Code/User/workspaceStorage/adc66deb37f04a6f3afbbcce13cfa2b9/redhat.java -Daether.dependencyCollector.impl=bf 
java_command: /home/ivanovviktor/.vscode/extensions/redhat.java-1.50.0-linux-x64/server/plugins/org.eclipse.equinox.launcher_1.7.100.v20251111-0406.jar -configuration /home/ivanovviktor/.config/Code/User/globalStorage/redhat.java/1.50.0/config_linux -data /home/ivanovviktor/.config/Code/User/workspaceStorage/adc66deb37f04a6f3afbbcce13cfa2b9/redhat.java/jdt_ws --pipe=/run/user/1000/lsp-7f2e0da788db6d604f2dddf299e1132f.sock
java_class_path (initial): /home/ivanovviktor/.vscode/extensions/redhat.java-1.50.0-linux-x64/server/plugins/org.eclipse.equinox.launcher_1.7.100.v20251111-0406.jar
Launcher Type: SUN_STANDARD

[Global flags]
    uintx AdaptiveSizePolicyWeight                 = 90                                        {product} {command line}
     intx CICompilerCount                          = 4                                         {product} {ergonomic}
    uintx GCTimeRatio                              = 4                                         {product} {command line}
     bool HeapDumpOnOutOfMemoryError               = true                                   {manageable} {command line}
    ccstr HeapDumpPath                             = /home/ivanovviktor/.config/Code/User/workspaceStorage/adc66deb37f04a6f3afbbcce13cfa2b9/redhat.java         {manageable} {command line}
   size_t InitialHeapSize                          = 104857600                                 {product} {command line}
   size_t MaxHeapSize                              = 2147483648                                {product} {command line}
   size_t MaxNewSize                               = 715653120                                 {product} {ergonomic}
   size_t MinHeapDeltaBytes                        = 524288                                    {product} {ergonomic}
   size_t MinHeapSize                              = 104857600                                 {product} {command line}
   size_t NewSize                                  = 34603008                                  {product} {ergonomic}
    uintx NonNMethodCodeHeapSize                   = 5839372                                {pd product} {ergonomic}
    uintx NonProfiledCodeHeapSize                  = 122909434                              {pd product} {ergonomic}
   size_t OldSize                                  = 70254592                                  {product} {ergonomic}
    uintx ProfiledCodeHeapSize                     = 122909434                              {pd product} {ergonomic}
    uintx ReservedCodeCacheSize                    = 251658240                              {pd product} {ergonomic}
     bool SegmentedCodeCache                       = true                                      {product} {ergonomic}
   size_t SoftMaxHeapSize                          = 2147483648                             {manageable} {ergonomic}
     bool UseCompressedOops                        = true                           {product lp64_product} {ergonomic}
     bool UseParallelGC                            = true                                      {product} {command line}

Logging:
Log output configuration:
 #0: stdout all=off uptime,level,tags foldmultilines=false
 #1: stderr all=off uptime,level,tags foldmultilines=false

Release file:
JAVA_VERSION="21.0.9"
MODULES="java.base java.compiler java.datatransfer java.xml java.prefs java.desktop java.instrument java.logging java.management java.security.sasl java.naming java.rmi java.management.rmi java.net.http java.scripting java.security.jgss java.transaction.xa java.sql java.sql.rowset java.xml.crypto java.se java.smartcardio jdk.accessibility jdk.internal.jvmstat jdk.attach jdk.charsets jdk.internal.opt jdk.zipfs jdk.compiler jdk.crypto.ec jdk.crypto.cryptoki jdk.dynalink jdk.internal.ed jdk.editpad jdk.hotspot.agent jdk.httpserver jdk.internal.le jdk.internal.vm.ci jdk.internal.vm.compiler jdk.internal.vm.compiler.management jdk.jartool jdk.javadoc jdk.jcmd jdk.management jdk.management.agent jdk.jconsole jdk.jdeps jdk.jdwp.agent jdk.jdi jdk.jfr jdk.jshell jdk.jsobject jdk.jstatd jdk.localedata jdk.management.jfr jdk.naming.dns jdk.naming.rmi jdk.net jdk.nio.mapmode jdk.random jdk.sctp jdk.security.auth jdk.security.jgss jdk.unsupported jdk.unsupported.desktop jdk.xml.dom"

Environment Variables:
PATH=/home/ivanovviktor/.local/bin:/home/ivanovviktor/bin:/usr/local/bin:/usr/bin:/var/lib/snapd/snap/bin
USERNAME=ivanovviktor
SHELL=/bin/bash
DISPLAY=:0
LANG=en_US.UTF-8

Active Locale:
LC_ALL=en_US.UTF-8
LC_COLLATE=en_US.UTF-8
LC_CTYPE=en_US.UTF-8
LC_MESSAGES=en_US.UTF-8
LC_MONETARY=en_US.UTF-8
LC_NUMERIC=en_US.UTF-8
LC_TIME=en_US.UTF-8

Signal Handlers:
   SIGSEGV: crash_handler in libjvm.so, mask=11100100010111111101111111111110, flags=SA_RESTART|SA_SIGINFO, unblocked
    SIGBUS: crash_handler in libjvm.so, mask=11100100010111111101111111111110, flags=SA_RESTART|SA_SIGINFO, unblocked
    SIGFPE: crash_handler in libjvm.so, mask=11100100010111111101111111111110, flags=SA_RESTART|SA_SIGINFO, unblocked
   SIGPIPE: javaSignalHandler in libjvm.so, mask=11100100010111111101111111111110, flags=SA_RESTART|SA_SIGINFO, blocked
   SIGXFSZ: javaSignalHandler in libjvm.so, mask=11100100010111111101111111111110, flags=SA_RESTART|SA_SIGINFO, blocked
    SIGILL: crash_handler in libjvm.so, mask=11100100010111111101111111111110, flags=SA_RESTART|SA_SIGINFO, unblocked
   SIGUSR2: SR_handler in libjvm.so, mask=00000000000000000000000000000000, flags=SA_RESTART|SA_SIGINFO, blocked
    SIGHUP: UserHandler in libjvm.so, mask=11100100010111111101111111111110, flags=SA_RESTART|SA_SIGINFO, blocked
    SIGINT: UserHandler in libjvm.so, mask=11100100010111111101111111111110, flags=SA_RESTART|SA_SIGINFO, blocked
   SIGTERM: UserHandler in libjvm.so, mask=11100100010111111101111111111110, flags=SA_RESTART|SA_SIGINFO, blocked
   SIGQUIT: UserHandler in libjvm.so, mask=11100100010111111101111111111110, flags=SA_RESTART|SA_SIGINFO, blocked
   SIGTRAP: crash_handler in libjvm.so, mask=11100100010111111101111111111110, flags=SA_RESTART|SA_SIGINFO, unblocked


Periodic native trim disabled

---------------  S Y S T E M  ---------------

OS:
Fedora release 43 (Forty Three)
uname: Linux 6.17.12-300.fc43.x86_64 #1 SMP PREEMPT_DYNAMIC Sat Dec 13 05:06:24 UTC 2025 x86_64
OS uptime: 0 days 0:01 hours
libc: glibc 2.42 NPTL 2.42 
rlimit (soft/hard): STACK 8192k/infinity , CORE infinity/infinity , NPROC 127580/127580 , NOFILE 524288/524288 , AS infinity/infinity , CPU infinity/infinity , DATA infinity/infinity , FSIZE infinity/infinity , MEMLOCK 8192k/8192k
load average: 2.67 0.79 0.28

/proc/meminfo:
MemTotal:       32811384 kB
MemFree:        25949820 kB
MemAvailable:   29350116 kB
Buffers:            5040 kB
Cached:          3779824 kB
SwapCached:            0 kB
Active:          5303460 kB
Inactive:         808516 kB
Active(anon):    2383188 kB
Inactive(anon):        0 kB
Active(file):    2920272 kB
Inactive(file):   808516 kB
Unevictable:        5848 kB
Mlocked:            5848 kB
SwapTotal:       8388604 kB
SwapFree:        8388604 kB
Zswap:                 0 kB
Zswapped:              0 kB
Dirty:              8912 kB
Writeback:             0 kB
AnonPages:       2333436 kB
Mapped:          1008992 kB
Shmem:             50932 kB
KReclaimable:      72608 kB
Slab:             250664 kB
SReclaimable:      72608 kB
SUnreclaim:       178056 kB
KernelStack:       19024 kB
PageTables:        47760 kB
SecPageTables:      1028 kB
NFS_Unstable:          0 kB
Bounce:                0 kB
WritebackTmp:          0 kB
CommitLimit:    24794296 kB
Committed_AS:   13696420 kB
VmallocTotal:   34359738367 kB
VmallocUsed:      104524 kB
VmallocChunk:          0 kB
Percpu:             7360 kB
HardwareCorrupted:     0 kB
AnonHugePages:         0 kB
ShmemHugePages:        0 kB
ShmemPmdMapped:        0 kB
FileHugePages:         0 kB
FilePmdMapped:         0 kB
CmaTotal:              0 kB
CmaFree:               0 kB
Unaccepted:            0 kB
Balloon:               0 kB
HugePages_Total:       0
HugePages_Free:        0
HugePages_Rsvd:        0
HugePages_Surp:        0
Hugepagesize:       2048 kB
Hugetlb:               0 kB
DirectMap4k:      273216 kB
DirectMap2M:     8073216 kB
DirectMap1G:    25165824 kB

/sys/kernel/mm/transparent_hugepage/enabled: always [madvise] never
/sys/kernel/mm/transparent_hugepage/hpage_pmd_size: 2097152
/sys/kernel/mm/transparent_hugepage/defrag (defrag/compaction efforts parameter): always defer defer+madvise [madvise] never

Process Memory:
Virtual Size: 5551828K (peak: 5612808K)
Resident Set Size: 124716K (peak: 124716K) (anon: 93680K, file: 31004K, shmem: 32K)
Swapped out: 0K
C-Heap outstanding allocations: 50032K, retained: 5787K
glibc malloc tunables: (default)

/proc/sys/kernel/threads-max (system-wide limit on the number of threads): 255160
/proc/sys/vm/max_map_count (maximum number of memory map areas a process may have): 1048576
/proc/sys/vm/swappiness (control to define how aggressively the kernel swaps out anonymous memory): 10
/proc/sys/kernel/pid_max (system-wide limit on number of process identifiers): 4194304

container information not found.
Steal ticks since vm start: 0
Steal ticks percentage since vm start:  0.000

CPU: total 8 (initial active 8) (4 cores per cpu, 2 threads per core) family 6 model 158 stepping 9 microcode 0xf8, cx8, cmov, fxsr, ht, mmx, 3dnowpref, sse, sse2, sse3, ssse3, sse4.1, sse4.2, popcnt, lzcnt, tsc, tscinvbit, avx, avx2, aes, erms, clmul, bmi1, bmi2, adx, fma, vzeroupper, clflush, clflushopt, rdtscp, f16c
CPU Model and flags from /proc/cpuinfo:
model name	: Intel(R) Core(TM) i7-7700K CPU @ 4.20GHz
flags		: fpu vme de pse tsc msr pae mce cx8 apic sep mtrr pge mca cmov pat pse36 clflush dts acpi mmx fxsr sse sse2 ss ht tm pbe syscall nx pdpe1gb rdtscp lm constant_tsc art arch_perfmon pebs bts rep_good nopl xtopology nonstop_tsc cpuid aperfmperf pni pclmulqdq dtes64 monitor ds_cpl vmx est tm2 ssse3 sdbg fma cx16 xtpr pdcm pcid sse4_1 sse4_2 x2apic movbe popcnt tsc_deadline_timer aes xsave avx f16c rdrand lahf_lm abm 3dnowprefetch cpuid_fault pti ssbd ibrs ibpb stibp tpr_shadow flexpriority ept vpid ept_ad fsgsbase tsc_adjust bmi1 avx2 smep bmi2 erms invpcid mpx rdseed adx smap clflushopt intel_pt xsaveopt xsavec xgetbv1 xsaves dtherm ida arat pln pts hwp hwp_notify hwp_act_window hwp_epp vnmi md_clear flush_l1d arch_capabilities

Online cpus: 0-7
Offline cpus: 
BIOS frequency limitation: <Not Available>
Frequency switch latency (ns): 0
Available cpu frequencies: <Not Available>
Current governor: performance
Core performance/turbo boost: <Not Available>

Memory: 4k page, physical 32811384k(29350116k free), swap 8388604k(8388604k free)
Page Sizes: 4k

vm_info: OpenJDK 64-Bit Server VM (21.0.9+10-LTS) for linux-amd64 JRE (21.0.9+10-LTS), built on 2025-10-21T00:00:00Z by "admin" with gcc 11.3.0

END.
